<?xml version="1.0" encoding="UTF-8"?>
<testng-results ignored="0" total="1" passed="1" failed="0" skipped="0">
  <reporter-output>
  </reporter-output>
  <suite started-at="2023-07-30T17:02:13 IST" name="Default suite" finished-at="2023-07-30T17:02:15 IST" duration-ms="1275">
    <groups>
    </groups>
    <test started-at="2023-07-30T17:02:13 IST" name="Default test" finished-at="2023-07-30T17:02:15 IST" duration-ms="1275">
      <class name="pojoserialization.AddPlaceGooglemap">
        <test-method signature="addPlace()[pri:0, instance:pojoserialization.AddPlaceGooglemap@6973b51b]" started-at="2023-07-30T17:02:13 IST" name="addPlace" finished-at="2023-07-30T17:02:15 IST" duration-ms="1245" status="PASS">
          <reporter-output>
          </reporter-output>
        </test-method> <!-- addPlace -->
      </class> <!-- pojoserialization.AddPlaceGooglemap -->
    </test> <!-- Default test -->
  </suite> <!-- Default suite -->
</testng-results>
